2025-03-13 00:01:33,097 DEBUG o.s.s.w.FilterChainProxy [http-nio-8080-exec-8] Securing GET /api/escribanos/400/suplente?fecha=2025-03-01
2025-03-13 00:01:33,116 WARN a.c.c.l.s.ApiKeyService [http-nio-8080-exec-8] Error al validar token: JWT expired at 2025-03-13T02:59:59Z. Current time: 2025-03-13T03:01:33Z, a difference of 94112 milliseconds.  Allowed clock skew: 0 milliseconds.
2025-03-13 00:01:33,118 DEBUG a.c.c.l.s.ApiKeyService [http-nio-8080-exec-8] Token inválido o expirado
2025-03-13 00:01:33,124 WARN a.c.c.l.s.JwtAuthorizationFilter [http-nio-8080-exec-8] Token JWT inválido o expirado
2025-03-13 00:01:39,681 DEBUG o.s.s.w.FilterChainProxy [http-nio-8080-exec-9] Securing POST /api/token
2025-03-13 00:01:39,684 DEBUG o.s.s.w.a.AnonymousAuthenticationFilter [http-nio-8080-exec-9] Set SecurityContextHolder to anonymous SecurityContext
2025-03-13 00:01:39,687 DEBUG o.s.s.w.FilterChainProxy [http-nio-8080-exec-9] Secured POST /api/token
2025-03-13 00:01:39,739 INFO a.c.c.l.c.TokenController [http-nio-8080-exec-9] Solicitud de token para el usuario API: api_client
2025-03-13 00:01:39,740 DEBUG a.c.c.l.s.ApiKeyService [http-nio-8080-exec-9] Generando token para el usuario API: api_client
2025-03-13 00:01:39,779 DEBUG a.c.c.l.s.ApiKeyService [http-nio-8080-exec-9] Token generado exitosamente para: api_client
2025-03-13 00:01:39,781 INFO a.c.c.l.c.TokenController [http-nio-8080-exec-9] Token generado exitosamente para: api_client
2025-03-13 00:01:45,204 DEBUG o.s.s.w.FilterChainProxy [http-nio-8080-exec-10] Securing GET /api/escribanos/400/suplente?fecha=2025-03-01
2025-03-13 00:01:45,218 DEBUG a.c.c.l.s.ApiKeyService [http-nio-8080-exec-10] Token validado para: api_client
2025-03-13 00:01:45,219 DEBUG a.c.c.l.s.JwtAuthorizationFilter [http-nio-8080-exec-10] Token JWT válido para el usuario: api_client
2025-03-13 00:01:45,224 DEBUG o.s.s.w.FilterChainProxy [http-nio-8080-exec-10] Secured GET /api/escribanos/400/suplente?fecha=2025-03-01
2025-03-13 00:01:45,230 INFO a.c.c.l.c.EscribanoController [http-nio-8080-exec-10] Consultando suplente activo para la matrícula 400 en la fecha Sat Mar 01 00:00:00 ART 2025
2025-03-13 00:01:45,232 INFO a.c.c.l.s.EscribanoService [http-nio-8080-exec-10] Buscando suplente activo para la matrícula 400 en la fecha Sat Mar 01 00:00:00 ART 2025
2025-03-13 00:01:45,238 INFO a.c.c.l.s.EscribanoService [http-nio-8080-exec-10] Buscando suplente activo para el escribano 400 en la fecha Sat Mar 01 00:00:00 ART 2025
2025-03-13 00:01:45,245 INFO a.c.c.l.s.EscribanoService [http-nio-8080-exec-10] No se encontró suplente activo para la matrícula 400 en la fecha Sat Mar 01 00:00:00 ART 2025
2025-03-13 00:02:12,180 DEBUG o.s.s.w.FilterChainProxy [http-nio-8080-exec-1] Securing GET /api/escribanos/400/suplente?fecha=2025-03-05
2025-03-13 00:02:12,190 DEBUG a.c.c.l.s.ApiKeyService [http-nio-8080-exec-1] Token validado para: api_client
2025-03-13 00:02:12,190 DEBUG a.c.c.l.s.JwtAuthorizationFilter [http-nio-8080-exec-1] Token JWT válido para el usuario: api_client
2025-03-13 00:02:12,194 DEBUG o.s.s.w.FilterChainProxy [http-nio-8080-exec-1] Secured GET /api/escribanos/400/suplente?fecha=2025-03-05
2025-03-13 00:02:12,197 INFO a.c.c.l.c.EscribanoController [http-nio-8080-exec-1] Consultando suplente activo para la matrícula 400 en la fecha Wed Mar 05 00:00:00 ART 2025
2025-03-13 00:02:12,200 INFO a.c.c.l.s.EscribanoService [http-nio-8080-exec-1] Buscando suplente activo para la matrícula 400 en la fecha Wed Mar 05 00:00:00 ART 2025
2025-03-13 00:02:12,207 INFO a.c.c.l.s.EscribanoService [http-nio-8080-exec-1] Buscando suplente activo para el escribano 400 en la fecha Wed Mar 05 00:00:00 ART 2025
2025-03-13 00:02:12,216 INFO a.c.c.l.s.EscribanoService [http-nio-8080-exec-1] Se encontró un suplente (ID: 100) para la matrícula 400 en la fecha Wed Mar 05 00:00:00 ART 2025
2025-03-13 00:02:22,423 DEBUG o.s.s.w.FilterChainProxy [http-nio-8080-exec-3] Securing GET /api/escribanos/400/suplente?fecha=2025-03-15
2025-03-13 00:02:22,435 DEBUG a.c.c.l.s.ApiKeyService [http-nio-8080-exec-3] Token validado para: api_client
2025-03-13 00:02:22,437 DEBUG a.c.c.l.s.JwtAuthorizationFilter [http-nio-8080-exec-3] Token JWT válido para el usuario: api_client
2025-03-13 00:02:22,442 DEBUG o.s.s.w.FilterChainProxy [http-nio-8080-exec-3] Secured GET /api/escribanos/400/suplente?fecha=2025-03-15
2025-03-13 00:02:22,445 INFO a.c.c.l.c.EscribanoController [http-nio-8080-exec-3] Consultando suplente activo para la matrícula 400 en la fecha Sat Mar 15 00:00:00 ART 2025
2025-03-13 00:02:22,447 INFO a.c.c.l.s.EscribanoService [http-nio-8080-exec-3] Buscando suplente activo para la matrícula 400 en la fecha Sat Mar 15 00:00:00 ART 2025
2025-03-13 00:02:22,455 INFO a.c.c.l.s.EscribanoService [http-nio-8080-exec-3] Buscando suplente activo para el escribano 400 en la fecha Sat Mar 15 00:00:00 ART 2025
2025-03-13 00:02:22,463 INFO a.c.c.l.s.EscribanoService [http-nio-8080-exec-3] Se encontró un suplente (ID: 100) para la matrícula 400 en la fecha Sat Mar 15 00:00:00 ART 2025
2025-03-13 00:02:27,091 DEBUG o.s.s.w.FilterChainProxy [http-nio-8080-exec-2] Securing GET /api/escribanos/400/suplente?fecha=2025-03-16
2025-03-13 00:02:27,102 DEBUG a.c.c.l.s.ApiKeyService [http-nio-8080-exec-2] Token validado para: api_client
2025-03-13 00:02:27,103 DEBUG a.c.c.l.s.JwtAuthorizationFilter [http-nio-8080-exec-2] Token JWT válido para el usuario: api_client
2025-03-13 00:02:27,106 DEBUG o.s.s.w.FilterChainProxy [http-nio-8080-exec-2] Secured GET /api/escribanos/400/suplente?fecha=2025-03-16
2025-03-13 00:02:27,111 INFO a.c.c.l.c.EscribanoController [http-nio-8080-exec-2] Consultando suplente activo para la matrícula 400 en la fecha Sun Mar 16 00:00:00 ART 2025
2025-03-13 00:02:27,112 INFO a.c.c.l.s.EscribanoService [http-nio-8080-exec-2] Buscando suplente activo para la matrícula 400 en la fecha Sun Mar 16 00:00:00 ART 2025
2025-03-13 00:02:27,120 INFO a.c.c.l.s.EscribanoService [http-nio-8080-exec-2] Buscando suplente activo para el escribano 400 en la fecha Sun Mar 16 00:00:00 ART 2025
2025-03-13 00:02:27,125 INFO a.c.c.l.s.EscribanoService [http-nio-8080-exec-2] No se encontró suplente activo para la matrícula 400 en la fecha Sun Mar 16 00:00:00 ART 2025
2025-03-13 00:07:05,336 DEBUG o.s.s.w.FilterChainProxy [http-nio-8080-exec-6] Securing GET /api/escribanos/400/suplente?fecha=2025-03-15
2025-03-13 00:07:05,348 DEBUG a.c.c.l.s.ApiKeyService [http-nio-8080-exec-6] Token validado para: api_client
2025-03-13 00:07:05,349 DEBUG a.c.c.l.s.JwtAuthorizationFilter [http-nio-8080-exec-6] Token JWT válido para el usuario: api_client
2025-03-13 00:07:05,352 DEBUG o.s.s.w.FilterChainProxy [http-nio-8080-exec-6] Secured GET /api/escribanos/400/suplente?fecha=2025-03-15
2025-03-13 00:07:05,354 INFO a.c.c.l.c.EscribanoController [http-nio-8080-exec-6] Consultando suplente activo para la matrícula 400 en la fecha Sat Mar 15 00:00:00 ART 2025
2025-03-13 00:07:05,355 INFO a.c.c.l.s.EscribanoService [http-nio-8080-exec-6] Buscando suplente activo para la matrícula 400 en la fecha Sat Mar 15 00:00:00 ART 2025
2025-03-13 00:07:05,362 INFO a.c.c.l.s.EscribanoService [http-nio-8080-exec-6] Buscando suplente activo para el escribano 400 en la fecha Sat Mar 15 00:00:00 ART 2025
2025-03-13 00:07:05,367 INFO a.c.c.l.s.EscribanoService [http-nio-8080-exec-6] Se encontró un suplente (ID: 100) para la matrícula 400 en la fecha Sat Mar 15 00:00:00 ART 2025
2025-03-13 00:09:52,503 DEBUG o.s.s.w.FilterChainProxy [http-nio-8080-exec-9] Securing GET /api/escribanos/registro/52/habilitados?fecha=2025-03-05
2025-03-13 00:09:52,513 DEBUG a.c.c.l.s.ApiKeyService [http-nio-8080-exec-9] Token validado para: api_client
2025-03-13 00:09:52,513 DEBUG a.c.c.l.s.JwtAuthorizationFilter [http-nio-8080-exec-9] Token JWT válido para el usuario: api_client
2025-03-13 00:09:52,519 DEBUG o.s.s.w.FilterChainProxy [http-nio-8080-exec-9] Secured GET /api/escribanos/registro/52/habilitados?fecha=2025-03-05
2025-03-13 00:09:52,522 INFO a.c.c.l.c.EscribanoController [http-nio-8080-exec-9] Consultando escribanos habilitados para el registro 52 en la fecha Wed Mar 05 00:00:00 ART 2025
2025-03-13 00:09:52,524 INFO a.c.c.l.s.EscribanoService [http-nio-8080-exec-9] Buscando escribanos habilitados para el registro 52 en la fecha Wed Mar 05 00:00:00 ART 2025
2025-03-13 00:09:52,590 INFO a.c.c.l.s.EscribanoService [http-nio-8080-exec-9] Se encontraron 2 escribanos habilitados para el registro 52 en la fecha Wed Mar 05 00:00:00 ART 2025
2025-03-13 00:11:38,386 DEBUG o.s.s.w.FilterChainProxy [http-nio-8080-exec-3] Securing GET /api/escribanos/registro/52/habilitados?fecha=2025-03-15
2025-03-13 00:11:38,402 DEBUG a.c.c.l.s.ApiKeyService [http-nio-8080-exec-3] Token validado para: api_client
2025-03-13 00:11:38,403 DEBUG a.c.c.l.s.JwtAuthorizationFilter [http-nio-8080-exec-3] Token JWT válido para el usuario: api_client
2025-03-13 00:11:38,406 DEBUG o.s.s.w.FilterChainProxy [http-nio-8080-exec-3] Secured GET /api/escribanos/registro/52/habilitados?fecha=2025-03-15
2025-03-13 00:11:38,411 INFO a.c.c.l.c.EscribanoController [http-nio-8080-exec-3] Consultando escribanos habilitados para el registro 52 en la fecha Sat Mar 15 00:00:00 ART 2025
2025-03-13 00:11:38,412 INFO a.c.c.l.s.EscribanoService [http-nio-8080-exec-3] Buscando escribanos habilitados para el registro 52 en la fecha Sat Mar 15 00:00:00 ART 2025
2025-03-13 00:11:38,432 INFO a.c.c.l.s.EscribanoService [http-nio-8080-exec-3] Se encontraron 2 escribanos habilitados para el registro 52 en la fecha Sat Mar 15 00:00:00 ART 2025
2025-03-13 00:11:54,107 DEBUG o.s.s.w.FilterChainProxy [http-nio-8080-exec-2] Securing GET /api/escribanos/registro/52/habilitados?fecha=2025-03-10
2025-03-13 00:11:54,115 DEBUG a.c.c.l.s.ApiKeyService [http-nio-8080-exec-2] Token validado para: api_client
2025-03-13 00:11:54,117 DEBUG a.c.c.l.s.JwtAuthorizationFilter [http-nio-8080-exec-2] Token JWT válido para el usuario: api_client
2025-03-13 00:11:54,123 DEBUG o.s.s.w.FilterChainProxy [http-nio-8080-exec-2] Secured GET /api/escribanos/registro/52/habilitados?fecha=2025-03-10
2025-03-13 00:11:54,125 INFO a.c.c.l.c.EscribanoController [http-nio-8080-exec-2] Consultando escribanos habilitados para el registro 52 en la fecha Mon Mar 10 00:00:00 ART 2025
2025-03-13 00:11:54,127 INFO a.c.c.l.s.EscribanoService [http-nio-8080-exec-2] Buscando escribanos habilitados para el registro 52 en la fecha Mon Mar 10 00:00:00 ART 2025
2025-03-13 00:11:54,144 INFO a.c.c.l.s.EscribanoService [http-nio-8080-exec-2] Se encontraron 2 escribanos habilitados para el registro 52 en la fecha Mon Mar 10 00:00:00 ART 2025
2025-03-13 00:13:06,684 DEBUG o.s.s.w.FilterChainProxy [http-nio-8080-exec-6] Securing GET /api/escribanos/registro/52/habilitados?fecha=2025-03-10
2025-03-13 00:13:06,697 DEBUG a.c.c.l.s.ApiKeyService [http-nio-8080-exec-6] Token validado para: api_client
2025-03-13 00:13:06,700 DEBUG a.c.c.l.s.JwtAuthorizationFilter [http-nio-8080-exec-6] Token JWT válido para el usuario: api_client
2025-03-13 00:13:06,704 DEBUG o.s.s.w.FilterChainProxy [http-nio-8080-exec-6] Secured GET /api/escribanos/registro/52/habilitados?fecha=2025-03-10
2025-03-13 00:13:06,708 INFO a.c.c.l.c.EscribanoController [http-nio-8080-exec-6] Consultando escribanos habilitados para el registro 52 en la fecha Mon Mar 10 00:00:00 ART 2025
2025-03-13 00:13:06,710 INFO a.c.c.l.s.EscribanoService [http-nio-8080-exec-6] Buscando escribanos habilitados para el registro 52 en la fecha Mon Mar 10 00:00:00 ART 2025
2025-03-13 00:13:06,730 INFO a.c.c.l.s.EscribanoService [http-nio-8080-exec-6] Se encontraron 2 escribanos habilitados para el registro 52 en la fecha Mon Mar 10 00:00:00 ART 2025
2025-03-13 00:13:45,148 DEBUG o.s.s.w.FilterChainProxy [http-nio-8080-exec-7] Securing GET /api/escribanos/registro/52/habilitados?fecha=2025-03-10
2025-03-13 00:13:45,159 DEBUG a.c.c.l.s.ApiKeyService [http-nio-8080-exec-7] Token validado para: api_client
2025-03-13 00:13:45,161 DEBUG a.c.c.l.s.JwtAuthorizationFilter [http-nio-8080-exec-7] Token JWT válido para el usuario: api_client
2025-03-13 00:13:45,165 DEBUG o.s.s.w.FilterChainProxy [http-nio-8080-exec-7] Secured GET /api/escribanos/registro/52/habilitados?fecha=2025-03-10
2025-03-13 00:13:45,168 INFO a.c.c.l.c.EscribanoController [http-nio-8080-exec-7] Consultando escribanos habilitados para el registro 52 en la fecha Mon Mar 10 00:00:00 ART 2025
2025-03-13 00:13:45,169 INFO a.c.c.l.s.EscribanoService [http-nio-8080-exec-7] Buscando escribanos habilitados para el registro 52 en la fecha Mon Mar 10 00:00:00 ART 2025
2025-03-13 00:13:45,191 INFO a.c.c.l.s.EscribanoService [http-nio-8080-exec-7] Se encontraron 2 escribanos habilitados para el registro 52 en la fecha Mon Mar 10 00:00:00 ART 2025
2025-03-13 00:19:26,640 INFO o.s.b.StartupInfoLogger [main] Starting LegalizacionDigitalApplication using Java 21.0.6 with PID 11024 (C:\Users\Hector\Documents\Desarrollo\legalizacion-digital\target\classes started by Hector in C:\Users\Hector\Documents\Desarrollo\legalizacion-digital)
2025-03-13 00:19:26,648 DEBUG o.s.b.StartupInfoLogger [main] Running with Spring Boot v3.2.0, Spring v6.1.1
2025-03-13 00:19:26,658 INFO o.s.b.SpringApplication [main] No active profile set, falling back to 1 default profile: "default"
2025-03-13 00:19:29,254 INFO o.s.d.r.c.RepositoryConfigurationDelegate [main] Bootstrapping Spring Data JPA repositories in DEFAULT mode.
2025-03-13 00:19:29,458 INFO o.s.d.r.c.RepositoryConfigurationDelegate [main] Finished Spring Data repository scanning in 166 ms. Found 6 JPA repository interfaces.
2025-03-13 00:19:31,110 INFO o.s.b.w.e.t.TomcatWebServer [main] Tomcat initialized with port 8080 (http)
2025-03-13 00:19:31,126 INFO o.a.j.l.DirectJDKLog [main] Initializing ProtocolHandler ["http-nio-8080"]
2025-03-13 00:19:31,134 INFO o.a.j.l.DirectJDKLog [main] Starting service [Tomcat]
2025-03-13 00:19:31,136 INFO o.a.j.l.DirectJDKLog [main] Starting Servlet engine: [Apache Tomcat/10.1.16]
2025-03-13 00:19:31,289 INFO o.a.j.l.DirectJDKLog [main] Initializing Spring embedded WebApplicationContext
2025-03-13 00:19:31,291 INFO o.s.b.w.s.c.ServletWebServerApplicationContext [main] Root WebApplicationContext: initialization completed in 4500 ms
2025-03-13 00:19:31,680 INFO o.h.j.i.u.LogHelper [main] HHH000204: Processing PersistenceUnitInfo [name: default]
2025-03-13 00:19:31,838 INFO o.h.Version [main] HHH000412: Hibernate ORM core version 6.3.1.Final
2025-03-13 00:19:31,924 INFO o.h.c.i.RegionFactoryInitiator [main] HHH000026: Second-level cache disabled
2025-03-13 00:19:32,688 INFO o.s.o.j.p.SpringPersistenceUnitInfo [main] No LoadTimeWeaver setup: ignoring JPA class transformer
2025-03-13 00:19:32,819 INFO c.z.h.HikariDataSource [main] HikariPool-1 - Starting...
2025-03-13 00:19:33,257 INFO c.z.h.p.HikariPool [main] HikariPool-1 - Added connection com.mysql.cj.jdbc.ConnectionImpl@53ba1175
2025-03-13 00:19:33,261 INFO c.z.h.HikariDataSource [main] HikariPool-1 - Start completed.
2025-03-13 00:19:33,350 WARN o.h.d.Dialect [main] HHH000511: The 5.5.22 version for [org.hibernate.dialect.MySQLDialect] is no longer supported, hence certain features may not work properly. The minimum supported version is 5.7.0. Check the community dialects project for available legacy versions.
2025-03-13 00:19:33,357 WARN o.h.e.j.d.i.DialectFactoryImpl [main] HHH90000025: MySQLDialect does not need to be specified explicitly using 'hibernate.dialect' (remove the property setting and it will be selected by default)
2025-03-13 00:19:35,357 INFO o.h.e.t.j.p.i.JtaPlatformInitiator [main] HHH000489: No JTA platform available (set 'hibernate.transaction.jta.platform' to enable JTA platform integration)
2025-03-13 00:19:35,366 INFO o.s.o.j.AbstractEntityManagerFactoryBean [main] Initialized JPA EntityManagerFactory for persistence unit 'default'
2025-03-13 00:19:36,652 INFO o.s.d.j.r.q.QueryEnhancerFactory [main] Hibernate is in classpath; If applicable, HQL parser will be used.
2025-03-13 00:19:38,595 WARN o.s.b.a.o.j.JpaBaseConfiguration$JpaWebConfiguration [main] spring.jpa.open-in-view is enabled by default. Therefore, database queries may be performed during view rendering. Explicitly configure spring.jpa.open-in-view to disable this warning
2025-03-13 00:19:39,457 INFO o.s.s.w.DefaultSecurityFilterChain [main] Will secure any request with [org.springframework.security.web.session.DisableEncodeUrlFilter@35427786, org.springframework.security.web.context.request.async.WebAsyncManagerIntegrationFilter@6554f841, org.springframework.security.web.context.SecurityContextHolderFilter@43c25e89, org.springframework.security.web.header.HeaderWriterFilter@fb69ab1, org.springframework.web.filter.CorsFilter@1bef1304, org.springframework.security.web.authentication.logout.LogoutFilter@1fce17b8, ar.com.cnpmweb.legalizaciondigital.security.JwtAuthorizationFilter@835718b, ar.com.cnpmweb.legalizaciondigital.security.JwtAuthenticationFilter@2e6dc94c, org.springframework.security.web.savedrequest.RequestCacheAwareFilter@3c2406dd, org.springframework.security.web.servletapi.SecurityContextHolderAwareRequestFilter@23e0ef68, org.springframework.security.web.authentication.AnonymousAuthenticationFilter@6c39ba30, org.springframework.security.web.session.SessionManagementFilter@9223122, org.springframework.security.web.access.ExceptionTranslationFilter@7f8586f9, org.springframework.security.web.access.intercept.AuthorizationFilter@2e3fdf30]
2025-03-13 00:19:39,949 INFO o.a.j.l.DirectJDKLog [main] Starting ProtocolHandler ["http-nio-8080"]
2025-03-13 00:19:40,025 INFO o.s.b.w.e.t.TomcatWebServer [main] Tomcat started on port 8080 (http) with context path ''
2025-03-13 00:19:40,042 INFO o.s.b.StartupInfoLogger [main] Started LegalizacionDigitalApplication in 14.677 seconds (process running for 15.451)
2025-03-13 00:20:06,517 INFO o.a.j.l.DirectJDKLog [http-nio-8080-exec-3] Initializing Spring DispatcherServlet 'dispatcherServlet'
2025-03-13 00:20:06,520 INFO o.s.w.s.FrameworkServlet [http-nio-8080-exec-3] Initializing Servlet 'dispatcherServlet'
2025-03-13 00:20:06,535 INFO o.s.w.s.FrameworkServlet [http-nio-8080-exec-3] Completed initialization in 7 ms
2025-03-13 00:20:06,581 DEBUG o.s.s.w.FilterChainProxy [http-nio-8080-exec-3] Securing GET /api/escribanos/registro/52/habilitados?fecha=2025-03-10
2025-03-13 00:20:06,667 WARN o.s.w.s.h.HandlerMappingIntrospector$CacheResultLogHelper [http-nio-8080-exec-3] Cache miss for REQUEST dispatch to '/api/escribanos/registro/52/habilitados' (previous null). Performing CorsConfiguration lookup. This is logged once only at WARN level, and every time at TRACE.
2025-03-13 00:20:07,267 DEBUG a.c.c.l.s.ApiKeyService [http-nio-8080-exec-3] Token validado para: api_client
2025-03-13 00:20:07,268 DEBUG a.c.c.l.s.JwtAuthorizationFilter [http-nio-8080-exec-3] Token JWT válido para el usuario: api_client
2025-03-13 00:20:07,274 WARN o.s.w.s.h.HandlerMappingIntrospector$CacheResultLogHelper [http-nio-8080-exec-3] Cache miss for REQUEST dispatch to '/api/escribanos/registro/52/habilitados' (previous null). Performing MatchableHandlerMapping lookup. This is logged once only at WARN level, and every time at TRACE.
2025-03-13 00:20:07,283 DEBUG o.s.s.w.FilterChainProxy [http-nio-8080-exec-3] Secured GET /api/escribanos/registro/52/habilitados?fecha=2025-03-10
2025-03-13 00:20:07,408 INFO a.c.c.l.c.EscribanoController [http-nio-8080-exec-3] Consultando escribanos habilitados para el registro 52 en la fecha Mon Mar 10 00:00:00 ART 2025
2025-03-13 00:20:07,463 INFO a.c.c.l.s.EscribanoService [http-nio-8080-exec-3] Buscando escribanos habilitados para el registro 52 en la fecha Mon Mar 10 00:00:00 ART 2025
2025-03-13 00:20:07,704 INFO a.c.c.l.s.EscribanoService [http-nio-8080-exec-3] Se encontraron 1 escribanos habilitados para el registro 52 en la fecha Mon Mar 10 00:00:00 ART 2025
2025-03-13 00:20:12,810 DEBUG o.s.s.w.FilterChainProxy [http-nio-8080-exec-2] Securing GET /api/escribanos/registro/52/habilitados?fecha=2025-03-10
2025-03-13 00:20:12,831 DEBUG a.c.c.l.s.ApiKeyService [http-nio-8080-exec-2] Token validado para: api_client
2025-03-13 00:20:12,833 DEBUG a.c.c.l.s.JwtAuthorizationFilter [http-nio-8080-exec-2] Token JWT válido para el usuario: api_client
2025-03-13 00:20:12,847 DEBUG o.s.s.w.FilterChainProxy [http-nio-8080-exec-2] Secured GET /api/escribanos/registro/52/habilitados?fecha=2025-03-10
2025-03-13 00:20:12,853 INFO a.c.c.l.c.EscribanoController [http-nio-8080-exec-2] Consultando escribanos habilitados para el registro 52 en la fecha Mon Mar 10 00:00:00 ART 2025
2025-03-13 00:20:12,862 INFO a.c.c.l.s.EscribanoService [http-nio-8080-exec-2] Buscando escribanos habilitados para el registro 52 en la fecha Mon Mar 10 00:00:00 ART 2025
2025-03-13 00:20:12,888 INFO a.c.c.l.s.EscribanoService [http-nio-8080-exec-2] Se encontraron 1 escribanos habilitados para el registro 52 en la fecha Mon Mar 10 00:00:00 ART 2025
2025-03-13 00:20:18,466 DEBUG o.s.s.w.FilterChainProxy [http-nio-8080-exec-5] Securing GET /api/escribanos/registro/52/habilitados?fecha=2025-03-11
2025-03-13 00:20:18,477 DEBUG a.c.c.l.s.ApiKeyService [http-nio-8080-exec-5] Token validado para: api_client
2025-03-13 00:20:18,478 DEBUG a.c.c.l.s.JwtAuthorizationFilter [http-nio-8080-exec-5] Token JWT válido para el usuario: api_client
2025-03-13 00:20:18,481 DEBUG o.s.s.w.FilterChainProxy [http-nio-8080-exec-5] Secured GET /api/escribanos/registro/52/habilitados?fecha=2025-03-11
2025-03-13 00:20:18,488 INFO a.c.c.l.c.EscribanoController [http-nio-8080-exec-5] Consultando escribanos habilitados para el registro 52 en la fecha Tue Mar 11 00:00:00 ART 2025
2025-03-13 00:20:18,491 INFO a.c.c.l.s.EscribanoService [http-nio-8080-exec-5] Buscando escribanos habilitados para el registro 52 en la fecha Tue Mar 11 00:00:00 ART 2025
2025-03-13 00:20:18,514 INFO a.c.c.l.s.EscribanoService [http-nio-8080-exec-5] Se encontraron 2 escribanos habilitados para el registro 52 en la fecha Tue Mar 11 00:00:00 ART 2025
